-------------------------------------------------------------------------------
Test set: com.lagou.common_db.LagouCommonDbApplicationTests
-------------------------------------------------------------------------------
Tests run: 1, Failures: 0, Errors: 1, Skipped: 0, Time elapsed: 0.221 s <<< FAILURE! - in com.lagou.common_db.LagouCommonDbApplicationTests
com.lagou.common_db.LagouCommonDbApplicationTests  Time elapsed: 0.219 s  <<< ERROR!
java.lang.IllegalStateException: Unable to find a @SpringBootConfiguration, you need to use @ContextConfiguration or @SpringBootTest(classes=...) with your test

