<?xml version="1.0" encoding="UTF-8"?>
<testsuite xmlns:xsi="http://www.w3.org/2001/XMLSchema-instance" xsi:noNamespaceSchemaLocation="https://maven.apache.org/surefire/maven-surefire-plugin/xsd/surefire-test-report.xsd" name="com.lagou.common_db.LagouCommonDbApplicationTests" time="0.221" tests="1" errors="1" skipped="0" failures="0">
  <properties>
[...]
</properties>
  <testcase name="com.lagou.common_db.LagouCommonDbApplicationTests" classname="com.lagou.common_db.LagouCommonDbApplicationTests" time="0.219">
    <error message="Unable to find a @SpringBootConfiguration, you need to use @ContextConfiguration or @SpringBootTest(classes=...) with your test" type="java.lang.IllegalStateException">java.lang.IllegalStateException: Unable to find a @SpringBootConfiguration, you need to use @ContextConfiguration or @SpringBootTest(classes=...) with your test
</error>
    <system-out><![CDATA[15:14:20.136 [main] DEBUG org.springframework.test.context.BootstrapUtils - Instantiating CacheAwareContextLoaderDelegate from class [org.springframework.test.context.cache.DefaultCacheAwareContextLoaderDelegate]
15:14:20.145 [main] DEBUG org.springframework.test.context.BootstrapUtils - Instantiating BootstrapContext using constructor [public org.springframework.test.context.support.DefaultBootstrapContext(java.lang.Class,org.springframework.test.context.CacheAwareContextLoaderDelegate)]
15:14:20.168 [main] DEBUG org.springframework.test.context.BootstrapUtils - Instantiating TestContextBootstrapper for test class [com.lagou.common_db.LagouCommonDbApplicationTests] from class [org.springframework.boot.test.context.SpringBootTestContextBootstrapper]
15:14:20.181 [main] INFO org.springframework.boot.test.context.SpringBootTestContextBootstrapper - Neither @ContextConfiguration nor @ContextHierarchy found for test class [com.lagou.common_db.LagouCommonDbApplicationTests], using SpringBootContextLoader
15:14:20.184 [main] DEBUG org.springframework.test.context.support.AbstractContextLoader - Did not detect default resource location for test class [com.lagou.common_db.LagouCommonDbApplicationTests]: class path resource [com/lagou/common_db/LagouCommonDbApplicationTests-context.xml] does not exist
15:14:20.184 [main] DEBUG org.springframework.test.context.support.AbstractContextLoader - Did not detect default resource location for test class [com.lagou.common_db.LagouCommonDbApplicationTests]: class path resource [com/lagou/common_db/LagouCommonDbApplicationTestsContext.groovy] does not exist
15:14:20.184 [main] INFO org.springframework.test.context.support.AbstractContextLoader - Could not detect default resource locations for test class [com.lagou.common_db.LagouCommonDbApplicationTests]: no resource found for suffixes {-context.xml, Context.groovy}.
15:14:20.185 [main] INFO org.springframework.test.context.support.AnnotationConfigContextLoaderUtils - Could not detect default configuration classes for test class [com.lagou.common_db.LagouCommonDbApplicationTests]: LagouCommonDbApplicationTests does not declare any static, non-private, non-final, nested classes annotated with @Configuration.
15:14:20.213 [main] DEBUG org.springframework.test.context.support.ActiveProfilesUtils - Could not find an 'annotation declaring class' for annotation type [org.springframework.test.context.ActiveProfiles] and class [com.lagou.common_db.LagouCommonDbApplicationTests]
15:14:20.259 [main] DEBUG org.springframework.test.context.BootstrapUtils - Instantiating CacheAwareContextLoaderDelegate from class [org.springframework.test.context.cache.DefaultCacheAwareContextLoaderDelegate]
15:14:20.260 [main] DEBUG org.springframework.test.context.BootstrapUtils - Instantiating BootstrapContext using constructor [public org.springframework.test.context.support.DefaultBootstrapContext(java.lang.Class,org.springframework.test.context.CacheAwareContextLoaderDelegate)]
15:14:20.260 [main] DEBUG org.springframework.test.context.BootstrapUtils - Instantiating TestContextBootstrapper for test class [com.lagou.common_db.LagouCommonDbApplicationTests] from class [org.springframework.boot.test.context.SpringBootTestContextBootstrapper]
15:14:20.260 [main] INFO org.springframework.boot.test.context.SpringBootTestContextBootstrapper - Neither @ContextConfiguration nor @ContextHierarchy found for test class [com.lagou.common_db.LagouCommonDbApplicationTests], using SpringBootContextLoader
15:14:20.261 [main] DEBUG org.springframework.test.context.support.AbstractContextLoader - Did not detect default resource location for test class [com.lagou.common_db.LagouCommonDbApplicationTests]: class path resource [com/lagou/common_db/LagouCommonDbApplicationTests-context.xml] does not exist
15:14:20.261 [main] DEBUG org.springframework.test.context.support.AbstractContextLoader - Did not detect default resource location for test class [com.lagou.common_db.LagouCommonDbApplicationTests]: class path resource [com/lagou/common_db/LagouCommonDbApplicationTestsContext.groovy] does not exist
15:14:20.261 [main] INFO org.springframework.test.context.support.AbstractContextLoader - Could not detect default resource locations for test class [com.lagou.common_db.LagouCommonDbApplicationTests]: no resource found for suffixes {-context.xml, Context.groovy}.
15:14:20.262 [main] INFO org.springframework.test.context.support.AnnotationConfigContextLoaderUtils - Could not detect default configuration classes for test class [com.lagou.common_db.LagouCommonDbApplicationTests]: LagouCommonDbApplicationTests does not declare any static, non-private, non-final, nested classes annotated with @Configuration.
15:14:20.263 [main] DEBUG org.springframework.test.context.support.ActiveProfilesUtils - Could not find an 'annotation declaring class' for annotation type [org.springframework.test.context.ActiveProfiles] and class [com.lagou.common_db.LagouCommonDbApplicationTests]
15:14:20.280 [main] DEBUG org.springframework.test.context.BootstrapUtils - Instantiating CacheAwareContextLoaderDelegate from class [org.springframework.test.context.cache.DefaultCacheAwareContextLoaderDelegate]
15:14:20.280 [main] DEBUG org.springframework.test.context.BootstrapUtils - Instantiating BootstrapContext using constructor [public org.springframework.test.context.support.DefaultBootstrapContext(java.lang.Class,org.springframework.test.context.CacheAwareContextLoaderDelegate)]
15:14:20.281 [main] DEBUG org.springframework.test.context.BootstrapUtils - Instantiating TestContextBootstrapper for test class [com.lagou.common_db.LagouCommonDbApplicationTests] from class [org.springframework.boot.test.context.SpringBootTestContextBootstrapper]
15:14:20.282 [main] INFO org.springframework.boot.test.context.SpringBootTestContextBootstrapper - Neither @ContextConfiguration nor @ContextHierarchy found for test class [com.lagou.common_db.LagouCommonDbApplicationTests], using SpringBootContextLoader
15:14:20.282 [main] DEBUG org.springframework.test.context.support.AbstractContextLoader - Did not detect default resource location for test class [com.lagou.common_db.LagouCommonDbApplicationTests]: class path resource [com/lagou/common_db/LagouCommonDbApplicationTests-context.xml] does not exist
15:14:20.282 [main] DEBUG org.springframework.test.context.support.AbstractContextLoader - Did not detect default resource location for test class [com.lagou.common_db.LagouCommonDbApplicationTests]: class path resource [com/lagou/common_db/LagouCommonDbApplicationTestsContext.groovy] does not exist
15:14:20.283 [main] INFO org.springframework.test.context.support.AbstractContextLoader - Could not detect default resource locations for test class [com.lagou.common_db.LagouCommonDbApplicationTests]: no resource found for suffixes {-context.xml, Context.groovy}.
15:14:20.283 [main] INFO org.springframework.test.context.support.AnnotationConfigContextLoaderUtils - Could not detect default configuration classes for test class [com.lagou.common_db.LagouCommonDbApplicationTests]: LagouCommonDbApplicationTests does not declare any static, non-private, non-final, nested classes annotated with @Configuration.
15:14:20.284 [main] DEBUG org.springframework.test.context.support.ActiveProfilesUtils - Could not find an 'annotation declaring class' for annotation type [org.springframework.test.context.ActiveProfiles] and class [com.lagou.common_db.LagouCommonDbApplicationTests]
]]></system-out>
  </testcase>
</testsuite>